<?xml version="1.0" encoding="UTF-8"?>
<!-- Generated by org.testng.reporters.JUnitReportReporter -->
<testsuite hostname="localhost.localdomain" failures="0" tests="1" name="com.browserstack.BStackDemoTest" time="18.301" errors="0" timestamp="2022-10-09T19:22:25 IST" skipped="0">
  <testcase classname="com.browserstack.BStackDemoTest" name="addProductToCart" time="18.301"/>
  <system-out/>
</testsuite> <!-- com.browserstack.BStackDemoTest -->
